[debug] [2024-11-29T09:27:24.460Z] ----------------------------------------------------------------------
[debug] [2024-11-29T09:27:24.464Z] Command:       /usr/local/bin/node /Users/ankush/.npm-global/bin/firebase init
[debug] [2024-11-29T09:27:24.465Z] CLI Version:   13.24.1
[debug] [2024-11-29T09:27:24.465Z] Platform:      darwin
[debug] [2024-11-29T09:27:24.465Z] Node Version:  v20.18.0
[debug] [2024-11-29T09:27:24.465Z] Time:          Fri Nov 29 2024 14:57:24 GMT+0530 (India Standard Time)
[debug] [2024-11-29T09:27:24.465Z] ----------------------------------------------------------------------
[debug] 
[debug] [2024-11-29T09:27:24.466Z] >>> [apiv2][query] GET https://firebase-public.firebaseio.com/cli.json [none]
[debug] [2024-11-29T09:27:24.492Z] > command requires scopes: ["email","openid","https://www.googleapis.com/auth/cloudplatformprojects.readonly","https://www.googleapis.com/auth/firebase","https://www.googleapis.com/auth/cloud-platform"]
[debug] [2024-11-29T09:27:24.492Z] > authorizing via signed-in user (ankushdhull966@gmail.com)
[info] 
     ######## #### ########  ######## ########     ###     ######  ########
     ##        ##  ##     ## ##       ##     ##  ##   ##  ##       ##
     ######    ##  ########  ######   ########  #########  ######  ######
     ##        ##  ##    ##  ##       ##     ## ##     ##       ## ##
     ##       #### ##     ## ######## ########  ##     ##  ######  ########

You're about to initialize a Firebase project in this directory:

  /Users/ankush/Desktop/home-page

[debug] [2024-11-29T09:27:26.008Z] <<< [apiv2][status] GET https://firebase-public.firebaseio.com/cli.json 200
[debug] [2024-11-29T09:27:26.009Z] <<< [apiv2][body] GET https://firebase-public.firebaseio.com/cli.json {"cloudBuildErrorAfter":1594252800000,"cloudBuildWarnAfter":1590019200000,"defaultNode10After":1594252800000,"minVersion":"3.0.5","node8DeploysDisabledAfter":1613390400000,"node8RuntimeDisabledAfter":1615809600000,"node8WarnAfter":1600128000000}
